make --dry-run --keep-going --print-directory
make: Entering directory '/home/witut/Desktop/xaninOS/src'
echo [ASM] boot.asm
nasm -fbin ./boot/boot.asm
echo [ASM] boot.asm
nasm -fbin ./boot/kernelLoader.asm
echo [ASM] xin_pointers.asm
nasm -fbin ./xin_fs/xin_pointers.asm
echo [ASM] entries_table.asm
nasm -fbin ./xin_fs/entries_table.asm
echo [ASM] keyboard.asm
nasm -f elf32 ./handlers/keyboard.asm -o ./handlers/keyboard.o
# echo [ASM] syscall.asm
# nasm -f elf32 ./syscall/syscall.asm -o ./syscall/syscall.o
echo [ASM] pit.asm
nasm -f elf32 ./pit/pit.asm -o ./pit/pit.o
echo [ASM] enter_real_mode.asm
nasm -fbin ./libc/enter_real_mode.asm -o ./libc/enter_real_mode
echo [ASM] shutdown.asm
nasm -fbin ./xaninApps/shutdown.asm -o ./xaninApps/shutdown
echo [ASM] reboot.asm
nasm -fbin ./xaninApps/reboot.asm -o ./xaninApps/reboot
echo [ASM] syscall_test.asm
nasm -fbin ./xaninApps/syscall_test.asm -o  ./xaninApps/syscall_test -w-other
echo [ASM] xanin_apps_space.asm
nasm -fbin ./xaninApps/xanin_apps_space.asm -o ./xaninApps/xanin_apps_space
echo [CC] chip8.cpp
i386-elf-g++ -O3 -fno-exceptions -lstdc++ -masm=intel -std=c++17 -Wno-builtin-declaration-mismatch -nostdlib -ffreestanding -Wno-unused-function -Wno-write-strings -Wno-return-type -fno-rtti -fconcepts-ts -I /home/witut/Desktop/xaninOS/src/ -c ./chip8/chip8.cpp -o ./chip8/chip8.o
echo [CC] apic.cpp
i386-elf-g++ -O3 -fno-exceptions -lstdc++ -masm=intel -std=c++17 -Wno-builtin-declaration-mismatch -nostdlib -ffreestanding -Wno-unused-function -Wno-write-strings -Wno-return-type -fno-rtti -fconcepts-ts -I /home/witut/Desktop/xaninOS/src/ -c ./devices/APIC/apic.cpp -o ./devices/APIC/apic.o
echo [CC] cpp_test.cpp
i386-elf-g++ -O3 -fno-exceptions -lstdc++ -masm=intel -std=c++17 -Wno-builtin-declaration-mismatch -nostdlib -ffreestanding -Wno-unused-function -Wno-write-strings -Wno-return-type -fno-rtti -fconcepts-ts -I /home/witut/Desktop/xaninOS/src/ -c ./test/cpp_test.cpp -o ./test/cpp_test.o
echo [CC] cpp_test.cpp
i386-elf-g++ -O3 -fno-exceptions -lstdc++ -masm=intel -std=c++17 -Wno-builtin-declaration-mismatch -nostdlib -ffreestanding -Wno-unused-function -Wno-write-strings -Wno-return-type -fno-rtti -fconcepts-ts -I /home/witut/Desktop/xaninOS/src/ -c ./test/cpp_test2.cpp -o ./test/cpp_test2.o
echo [CC] com.cpp
i386-elf-g++ -O3 -fno-exceptions -lstdc++ -masm=intel -std=c++17 -Wno-builtin-declaration-mismatch -nostdlib -ffreestanding -Wno-unused-function -Wno-write-strings -Wno-return-type -fno-rtti -fconcepts-ts -I /home/witut/Desktop/xaninOS/src/ -c ./devices/COM/com.cpp -o ./devices/COM/ComPort.o
echo [CC] ioapic.cpp
i386-elf-g++ -O3 -fno-exceptions -lstdc++ -masm=intel -std=c++17 -Wno-builtin-declaration-mismatch -nostdlib -ffreestanding -Wno-unused-function -Wno-write-strings -Wno-return-type -fno-rtti -fconcepts-ts -I /home/witut/Desktop/xaninOS/src/ -c ./devices/IOAPIC/ioapic.cpp -o ./devices/IOAPIC/ioapic.o
echo [ASM] 8254x INTERRUPT ENTRY
nasm -f elf32 ./devices/NIC/8254x_int_handler.asm -o ./devices/NIC/8254x_int_handler.o
echo [CC] 8254x.cpp
i386-elf-g++ -O3 -fno-exceptions -lstdc++ -masm=intel -std=c++17 -Wno-builtin-declaration-mismatch -nostdlib -ffreestanding -Wno-unused-function -Wno-write-strings -Wno-return-type -fno-rtti -fconcepts-ts -I /home/witut/Desktop/xaninOS/src/ -c ./devices/NIC/8254x.cpp -o ./devices/NIC/8254x.o
i386-elf-g++ -O3 -fno-exceptions -lstdc++ -masm=intel -std=c++17 -Wno-builtin-declaration-mismatch -nostdlib -ffreestanding -Wno-unused-function -Wno-write-strings -Wno-return-type -fno-rtti -fconcepts-ts -I /home/witut/Desktop/xaninOS/src/ -c ./xaninApps/screenshot.cpp -o ./xaninApps/screenshot.o
echo [CC] xagame.cpp
i386-elf-g++ -O3 -fno-exceptions -lstdc++ -masm=intel -std=c++17 -Wno-builtin-declaration-mismatch -nostdlib -ffreestanding -Wno-unused-function -Wno-write-strings -Wno-return-type -fno-rtti -fconcepts-ts -I /home/witut/Desktop/xaninOS/src/ -c ./game_engine/xagame.cpp -o ./game_engine/xagame.o
echo [CC] xagame_test.cpp
i386-elf-g++ -O3 -fno-exceptions -lstdc++ -masm=intel -std=c++17 -Wno-builtin-declaration-mismatch -nostdlib -ffreestanding -Wno-unused-function -Wno-write-strings -Wno-return-type -fno-rtti -fconcepts-ts -I /home/witut/Desktop/xaninOS/src/ -c ./xagames/xagame_test.cpp -o ./xagames/xagame_test.o
echo [CC] tetris.cpp
i386-elf-g++ -O3 -fno-exceptions -lstdc++ -masm=intel -std=c++17 -Wno-builtin-declaration-mismatch -nostdlib -ffreestanding -Wno-unused-function -Wno-write-strings -Wno-return-type -fno-rtti -fconcepts-ts -I /home/witut/Desktop/xaninOS/src/ -c ./xagames/tetris.cpp -o ./xagames/tetris.o
# @echo [CC] bytes.cpp
# @i386-elf-g++ -O3 -fno-exceptions -lstdc++ -masm=intel -std=c++17 -Wno-builtin-declaration-mismatch -nostdlib -ffreestanding -Wno-unused-function -Wno-write-strings -Wno-return-type -fno-rtti -fconcepts-ts -I /home/witut/Desktop/xaninOS/src/ -c ./libcpp/bytes.cpp -o ./libcpp/bytes.o
# @echo [CC] tuple.hpp
# @i386-elf-g++ -O3 -fno-exceptions -lstdc++ -masm=intel -std=c++17 -Wno-builtin-declaration-mismatch -nostdlib -ffreestanding -Wno-unused-function -Wno-write-strings -Wno-return-type -fno-rtti -fconcepts-ts -I /home/witut/Desktop/xaninOS/src/ -c ./libcpp/tuple.hpp -o ./libcpp/tuple.o
#C LIBARIES
echo [C] algorithm.c
i386-elf-gcc -O0 -masm=intel -Wno-builtin-declaration-mismatch -nostdlib -Wno-discarded-qualifiers -ffreestanding -Wno-unused-function -Wno-return-type -I /home/witut/Desktop/xaninOS/src/ -c ./libc/algorithm.c -o ./libc/algorithm.o
echo [C] alloc.c
i386-elf-gcc -O0 -masm=intel -Wno-builtin-declaration-mismatch -nostdlib -Wno-discarded-qualifiers -ffreestanding -Wno-unused-function -Wno-return-type -I /home/witut/Desktop/xaninOS/src/ -c ./libc/alloc.c -o ./libc/alloc.o
echo [C] hal.c
i386-elf-gcc -O0 -masm=intel -Wno-builtin-declaration-mismatch -nostdlib -Wno-discarded-qualifiers -ffreestanding -Wno-unused-function -Wno-return-type -I /home/witut/Desktop/xaninOS/src/ -c ./libc/hal.c -o ./libc/hal.o
echo [C] math.c
i386-elf-gcc -O0 -masm=intel -Wno-builtin-declaration-mismatch -nostdlib -Wno-discarded-qualifiers -ffreestanding -Wno-unused-function -Wno-return-type -I /home/witut/Desktop/xaninOS/src/ -c ./libc/math.c -o ./libc/math.o
echo [C] memory.c
i386-elf-gcc -O0 -masm=intel -Wno-builtin-declaration-mismatch -nostdlib -Wno-discarded-qualifiers -ffreestanding -Wno-unused-function -Wno-return-type -I /home/witut/Desktop/xaninOS/src/ -c ./libc/memory.c -o ./libc/memory.o
echo [C] stdiox.c
i386-elf-gcc -O0 -masm=intel -Wno-builtin-declaration-mismatch -nostdlib -Wno-discarded-qualifiers -ffreestanding -Wno-unused-function -Wno-return-type -I /home/witut/Desktop/xaninOS/src/ -c ./libc/stdiox.c -o ./libc/stdiox.o
echo [C] stdlibx.c
i386-elf-gcc -O0 -masm=intel -Wno-builtin-declaration-mismatch -nostdlib -Wno-discarded-qualifiers -ffreestanding -Wno-unused-function -Wno-return-type -I /home/witut/Desktop/xaninOS/src/ -c ./libc/stdlibx.c -o ./libc/stdlibx.o
echo [C] string.c
i386-elf-gcc -O0 -masm=intel -Wno-builtin-declaration-mismatch -nostdlib -Wno-discarded-qualifiers -ffreestanding -Wno-unused-function -Wno-return-type -I /home/witut/Desktop/xaninOS/src/ -c ./libc/string.c -o ./libc/string.o
echo [C] syslog.c
i386-elf-gcc -O0 -masm=intel -Wno-builtin-declaration-mismatch -nostdlib -Wno-discarded-qualifiers -ffreestanding -Wno-unused-function -Wno-return-type -I /home/witut/Desktop/xaninOS/src/ -c ./libc/syslog.c -o ./libc/syslog.o
echo [C] time.c
i386-elf-gcc -O0 -masm=intel -Wno-builtin-declaration-mismatch -nostdlib -Wno-discarded-qualifiers -ffreestanding -Wno-unused-function -Wno-return-type -I /home/witut/Desktop/xaninOS/src/ -c ./libc/time.c -o ./libc/time.o
# @echo [C] pit.c
# @i386-elf-gcc -O0 -masm=intel -Wno-builtin-declaration-mismatch -nostdlib -Wno-discarded-qualifiers -ffreestanding -Wno-unused-function -Wno-return-type -I /home/witut/Desktop/xaninOS/src/ -c ./pit/pit.c -o ./pit/pit.o
echo [C] vty.c
i386-elf-gcc -O0 -masm=intel -Wno-builtin-declaration-mismatch -nostdlib -Wno-discarded-qualifiers -ffreestanding -Wno-unused-function -Wno-return-type -I /home/witut/Desktop/xaninOS/src/ -c ./terminal/vty.c -o ./terminal/vty.o
echo [C] key_map.c
i386-elf-gcc -O0 -masm=intel -Wno-builtin-declaration-mismatch -nostdlib -Wno-discarded-qualifiers -ffreestanding -Wno-unused-function -Wno-return-type -I /home/witut/Desktop/xaninOS/src/ -c ./keyboard/key_map.c -o ./keyboard/key_map.o
echo [C] xin.c
i386-elf-gcc -O0 -masm=intel -Wno-builtin-declaration-mismatch -nostdlib -Wno-discarded-qualifiers -ffreestanding -Wno-unused-function -Wno-return-type -I /home/witut/Desktop/xaninOS/src/ -c ./xin_fs/xin.c -o ./xin_fs/xin.o
echo [C] kernel.c
i386-elf-gcc -O0 -masm=intel -Wno-discarded-qualifiers -Wno-builtin-declaration-mismatch -nostdlib -ffreestanding -Wno-int-conversion -Wno-unused-function -Wno-div-by-zero -Wno-address-of-packed-member -I /home/witut/Desktop/xaninOS/src/  kernel.c \
./libc/algorithm.o \
./libc/alloc.o \
./libc/hal.o \
./libc/math.o \
./libc/memory.o \
./libc/stdiox.o \
./libc/stdlibx.o \
./libc/string.o \
./libc/syslog.o \
./libc/time.o \
./terminal/vty.o \
./keyboard/key_map.o \
./handlers/keyboard.o \
./pit/pit.o \
./xin_fs/xin.o \
./test/cpp_test.o \
./test/cpp_test2.o \
./devices/MOUSE/mouse.o \
./devices/APIC/apic.o \
./devices/NIC/8254x_int_handler.o \
./devices/NIC/8254x.o \
./devices/IOAPIC/ioapic.o \
./test/testc.o \
./devices/COM/ComPort.o \
./xaninApps/screenshot.o \
./game_engine/xagame.o \
./xagames/xagame_test.o \
./xagames/tetris.o -o kernel.bin
echo "\033[0;32mCOMPILATION SUCCESS"
echo "\033[0m"
cat ./xaninApps/shutdown ./xaninApps/current_app ./xaninApps/syscall_test > ./xaninApps/xanin_external_apps
dd if=./xaninApps/xanin_external_apps of=./xaninApps/xanin_apps_space bs=512 count=16 conv=notrunc
cat ./boot/boot ./libc/enter_real_mode ./xaninApps/xanin_apps_space ./xaninApps/blank_sector ./xin_fs/xin_pointers ./xin_fs/entries_table ./boot/kernelLoader kernel.bin > xanin.bin
dd if=xanin.bin of=xanin.img
mv xanin.img -f ../bin
mv xanin.bin -f ../bin
make: Leaving directory '/home/witut/Desktop/xaninOS/src'
 
